2025-02-28 15:09:24,860 INFO    MainThread:1676556 [wandb_setup.py:_flush():67] Current SDK version is 0.19.7
2025-02-28 15:09:24,860 INFO    MainThread:1676556 [wandb_setup.py:_flush():67] Configure stats pid to 1676556
2025-02-28 15:09:24,860 INFO    MainThread:1676556 [wandb_setup.py:_flush():67] Loading settings from /speech/utkarsh/.config/wandb/settings
2025-02-28 15:09:24,860 INFO    MainThread:1676556 [wandb_setup.py:_flush():67] Loading settings from /speech/utkarsh/da6401_assignment1/wandb/settings
2025-02-28 15:09:24,860 INFO    MainThread:1676556 [wandb_setup.py:_flush():67] Loading settings from environment variables
2025-02-28 15:09:24,860 INFO    MainThread:1676556 [wandb_init.py:setup_run_log_directory():647] Logging user logs to /speech/utkarsh/da6401_assignment1/wandb/run-20250228_150924-o83f2ewr/logs/debug.log
2025-02-28 15:09:24,861 INFO    MainThread:1676556 [wandb_init.py:setup_run_log_directory():648] Logging internal logs to /speech/utkarsh/da6401_assignment1/wandb/run-20250228_150924-o83f2ewr/logs/debug-internal.log
2025-02-28 15:09:24,861 INFO    MainThread:1676556 [wandb_init.py:init():761] calling init triggers
2025-02-28 15:09:24,861 INFO    MainThread:1676556 [wandb_init.py:init():766] wandb.init called with sweep_config: {}
config: {'hidden_layers': [128, 64], 'activation': 'sigmoid', 'optimizer': 'momentum', 'learning_rate': 0.001, 'batch_size': 64, 'epochs': 5, '_wandb': {}}
2025-02-28 15:09:24,861 INFO    MainThread:1676556 [wandb_init.py:init():784] starting backend
2025-02-28 15:09:24,861 INFO    MainThread:1676556 [wandb_init.py:init():788] sending inform_init request
2025-02-28 15:09:24,866 INFO    MainThread:1676556 [backend.py:_multiprocessing_setup():97] multiprocessing start_methods=fork,spawn,forkserver, using: spawn
2025-02-28 15:09:24,867 INFO    MainThread:1676556 [wandb_init.py:init():803] backend started and connected
2025-02-28 15:09:24,868 INFO    MainThread:1676556 [wandb_init.py:init():896] updated telemetry
2025-02-28 15:09:24,874 INFO    MainThread:1676556 [wandb_init.py:init():920] communicating run to backend with 90.0 second timeout
2025-02-28 15:09:25,426 INFO    MainThread:1676556 [wandb_init.py:init():995] starting run threads in backend
2025-02-28 15:09:25,514 INFO    MainThread:1676556 [wandb_run.py:_console_start():2377] atexit reg
2025-02-28 15:09:25,514 INFO    MainThread:1676556 [wandb_run.py:_redirect():2227] redirect: wrap_raw
2025-02-28 15:09:25,514 INFO    MainThread:1676556 [wandb_run.py:_redirect():2292] Wrapping output streams.
2025-02-28 15:09:25,515 INFO    MainThread:1676556 [wandb_run.py:_redirect():2317] Redirects installed.
2025-02-28 15:09:25,516 INFO    MainThread:1676556 [wandb_init.py:init():1037] run started, returning control to user process
2025-02-28 15:09:41,514 WARNING MsgRouterThr:1676556 [router.py:message_loop():77] message_loop has been closed
Traceback (most recent call last):
  File "/speech/utkarsh/miniconda3/envs/valle/lib/python3.10/site-packages/wandb/sdk/interface/router_sock.py", line 28, in _read_message
    resp = self._sock_client.read_server_response(timeout=1)
  File "/speech/utkarsh/miniconda3/envs/valle/lib/python3.10/site-packages/wandb/sdk/lib/sock_client.py", line 285, in read_server_response
    data = self._read_packet_bytes(timeout=timeout)
  File "/speech/utkarsh/miniconda3/envs/valle/lib/python3.10/site-packages/wandb/sdk/lib/sock_client.py", line 270, in _read_packet_bytes
    raise SockClientClosedError
wandb.sdk.lib.sock_client.SockClientClosedError

The above exception was the direct cause of the following exception:

Traceback (most recent call last):
  File "/speech/utkarsh/miniconda3/envs/valle/lib/python3.10/site-packages/wandb/sdk/interface/router.py", line 70, in message_loop
    msg = self._read_message()
  File "/speech/utkarsh/miniconda3/envs/valle/lib/python3.10/site-packages/wandb/sdk/interface/router_sock.py", line 30, in _read_message
    raise MessageRouterClosedError from e
wandb.sdk.interface.router.MessageRouterClosedError
2025-02-28 15:09:41,515 INFO    MsgRouterThr:1676556 [mailbox.py:close():115] Closing mailbox, abandoning 1 handles.
